<?xml version="1.0" encoding="UTF-8"?>
<coverage generated="1737559617514" clover="3.2.0">
  <project timestamp="1737559617514" name="All files">
    <metrics statements="106" coveredstatements="101" conditionals="65" coveredconditionals="56" methods="31" coveredmethods="29" elements="202" coveredelements="186" complexity="0" loc="106" ncloc="106" packages="5" files="5" classes="5"/>
    <package name="dashboard">
      <metrics statements="43" coveredstatements="43" conditionals="27" coveredconditionals="26" methods="10" coveredmethods="10"/>
      <file name="Dashboard.js" path="/Users/anastasiya2310/Education/Hangman-game/src/components/dashboard/Dashboard.js">
        <metrics statements="43" coveredstatements="43" conditionals="27" coveredconditionals="26" methods="10" coveredmethods="10"/>
        <line num="6" count="1" type="stmt"/>
        <line num="18" count="32" type="stmt"/>
        <line num="19" count="32" type="stmt"/>
        <line num="21" count="32" type="stmt"/>
        <line num="23" count="32" type="stmt"/>
        <line num="24" count="10" type="cond" truecount="4" falsecount="0"/>
        <line num="25" count="9" type="stmt"/>
        <line num="26" count="9" type="stmt"/>
        <line num="27" count="9" type="stmt"/>
        <line num="31" count="32" type="stmt"/>
        <line num="32" count="36" type="cond" truecount="4" falsecount="0"/>
        <line num="33" count="1" type="stmt"/>
        <line num="34" count="1" type="stmt"/>
        <line num="35" count="1" type="stmt"/>
        <line num="37" count="1" type="stmt"/>
        <line num="38" count="1" type="stmt"/>
        <line num="39" count="1" type="stmt"/>
        <line num="40" count="1" type="stmt"/>
        <line num="41" count="1" type="stmt"/>
        <line num="42" count="1" type="stmt"/>
        <line num="44" count="1" type="stmt"/>
        <line num="48" count="32" type="stmt"/>
        <line num="49" count="31" type="stmt"/>
        <line num="50" count="168" type="stmt"/>
        <line num="60" count="32" type="stmt"/>
        <line num="61" count="8" type="cond" truecount="1" falsecount="1"/>
        <line num="63" count="8" type="stmt"/>
        <line num="64" count="8" type="cond" truecount="2" falsecount="0"/>
        <line num="65" count="3" type="stmt"/>
        <line num="67" count="3" type="cond" truecount="2" falsecount="0"/>
        <line num="68" count="2" type="stmt"/>
        <line num="69" count="2" type="stmt"/>
        <line num="70" count="2" type="stmt"/>
        <line num="71" count="2" type="stmt"/>
        <line num="72" count="2" type="stmt"/>
        <line num="73" count="2" type="stmt"/>
        <line num="74" count="2" type="stmt"/>
        <line num="75" count="2" type="stmt"/>
        <line num="76" count="2" type="stmt"/>
        <line num="81" count="8" type="stmt"/>
        <line num="82" count="64" type="cond" truecount="2" falsecount="0"/>
        <line num="84" count="8" type="stmt"/>
        <line num="87" count="32" type="stmt"/>
      </file>
    </package>
    <package name="gallows">
      <metrics statements="4" coveredstatements="4" conditionals="0" coveredconditionals="0" methods="1" coveredmethods="1"/>
      <file name="Gallows.js" path="/Users/anastasiya2310/Education/Hangman-game/src/components/gallows/Gallows.js">
        <metrics statements="4" coveredstatements="4" conditionals="0" coveredconditionals="0" methods="1" coveredmethods="1"/>
        <line num="5" count="2" type="stmt"/>
        <line num="6" count="39" type="stmt"/>
        <line num="14" count="39" type="stmt"/>
        <line num="16" count="39" type="stmt"/>
      </file>
    </package>
    <package name="keyboard">
      <metrics statements="28" coveredstatements="24" conditionals="18" coveredconditionals="12" methods="11" coveredmethods="10"/>
      <file name="Keyboard.js" path="/Users/anastasiya2310/Education/Hangman-game/src/components/keyboard/Keyboard.js">
        <metrics statements="28" coveredstatements="24" conditionals="18" coveredconditionals="12" methods="11" coveredmethods="10"/>
        <line num="4" count="2" type="stmt"/>
        <line num="5" count="40" type="stmt"/>
        <line num="7" count="40" type="stmt"/>
        <line num="36" count="40" type="stmt"/>
        <line num="37" count="10" type="stmt"/>
        <line num="38" count="10" type="stmt"/>
        <line num="41" count="40" type="stmt"/>
        <line num="42" count="0" type="stmt"/>
        <line num="45" count="40" type="stmt"/>
        <line num="46" count="16" type="cond" truecount="3" falsecount="1"/>
        <line num="47" count="0" type="stmt"/>
        <line num="51" count="40" type="stmt"/>
        <line num="52" count="40" type="stmt"/>
        <line num="53" count="1" type="stmt"/>
        <line num="54" count="1" type="cond" truecount="5" falsecount="1"/>
        <line num="55" count="1" type="stmt"/>
        <line num="56" count="1" type="stmt"/>
        <line num="57" count="0" type="cond" truecount="0" falsecount="4"/>
        <line num="58" count="0" type="stmt"/>
        <line num="62" count="40" type="stmt"/>
        <line num="64" count="40" type="stmt"/>
        <line num="65" count="40" type="stmt"/>
        <line num="69" count="40" type="stmt"/>
        <line num="70" count="40" type="stmt"/>
        <line num="71" count="40" type="stmt"/>
        <line num="72" count="1040" type="cond" truecount="4" falsecount="0"/>
        <line num="74" count="40" type="stmt"/>
        <line num="77" count="40" type="stmt"/>
      </file>
    </package>
    <package name="modal">
      <metrics statements="5" coveredstatements="4" conditionals="8" coveredconditionals="8" methods="2" coveredmethods="1"/>
      <file name="Modal.js" path="/Users/anastasiya2310/Education/Hangman-game/src/components/modal/Modal.js">
        <metrics statements="5" coveredstatements="4" conditionals="8" coveredconditionals="8" methods="2" coveredmethods="1"/>
        <line num="7" count="1" type="stmt"/>
        <line num="16" count="4" type="stmt"/>
        <line num="17" count="0" type="stmt"/>
        <line num="20" count="4" type="cond" truecount="2" falsecount="0"/>
        <line num="29" count="4" type="stmt"/>
      </file>
    </package>
    <package name="select">
      <metrics statements="26" coveredstatements="26" conditionals="12" coveredconditionals="10" methods="7" coveredmethods="7"/>
      <file name="Select.js" path="/Users/anastasiya2310/Education/Hangman-game/src/components/select/Select.js">
        <metrics statements="26" coveredstatements="26" conditionals="12" coveredconditionals="10" methods="7" coveredmethods="7"/>
        <line num="4" count="2" type="stmt"/>
        <line num="5" count="9" type="stmt"/>
        <line num="6" count="4" type="cond" truecount="3" falsecount="1"/>
        <line num="8" count="4" type="stmt"/>
        <line num="9" count="8" type="stmt"/>
        <line num="11" count="4" type="stmt"/>
        <line num="12" count="4" type="stmt"/>
        <line num="15" count="9" type="stmt"/>
        <line num="16" count="9" type="cond" truecount="4" falsecount="0"/>
        <line num="17" count="3" type="stmt"/>
        <line num="18" count="3" type="stmt"/>
        <line num="19" count="3" type="stmt"/>
        <line num="23" count="9" type="stmt"/>
        <line num="24" count="9" type="stmt"/>
        <line num="25" count="9" type="stmt"/>
        <line num="27" count="9" type="stmt"/>
        <line num="28" count="18" type="cond" truecount="1" falsecount="1"/>
        <line num="29" count="18" type="stmt"/>
        <line num="34" count="18" type="stmt"/>
        <line num="37" count="9" type="stmt"/>
        <line num="40" count="9" type="stmt"/>
        <line num="41" count="1" type="stmt"/>
        <line num="42" count="1" type="stmt"/>
        <line num="43" count="1" type="stmt"/>
        <line num="44" count="1" type="stmt"/>
        <line num="47" count="9" type="stmt"/>
      </file>
    </package>
  </project>
</coverage>
