{"/Users/anastasiya2310/Education/Hangman-game/src/components/dashboard/Dashboard.js": {"path":"/Users/anastasiya2310/Education/Hangman-game/src/components/dashboard/Dashboard.js","statementMap":{"0":{"start":{"line":6,"column":18},"end":{"line":109,"column":1}},"1":{"start":{"line":18,"column":48},"end":{"line":18,"column":60}},"2":{"start":{"line":19,"column":44},"end":{"line":19,"column":56}},"3":{"start":{"line":21,"column":2},"end":{"line":21,"column":50}},"4":{"start":{"line":23,"column":2},"end":{"line":29,"column":31}},"5":{"start":{"line":24,"column":4},"end":{"line":28,"column":5}},"6":{"start":{"line":25,"column":28},"end":{"line":25,"column":53}},"7":{"start":{"line":26,"column":6},"end":{"line":26,"column":68}},"8":{"start":{"line":27,"column":6},"end":{"line":27,"column":50}},"9":{"start":{"line":31,"column":2},"end":{"line":46,"column":76}},"10":{"start":{"line":32,"column":4},"end":{"line":45,"column":5}},"11":{"start":{"line":32,"column":70},"end":{"line":32,"column":76}},"12":{"start":{"line":33,"column":6},"end":{"line":33,"column":32}},"13":{"start":{"line":34,"column":6},"end":{"line":34,"column":22}},"14":{"start":{"line":35,"column":6},"end":{"line":35,"column":25}},"15":{"start":{"line":37,"column":25},"end":{"line":43,"column":7}},"16":{"start":{"line":38,"column":8},"end":{"line":38,"column":34}},"17":{"start":{"line":39,"column":8},"end":{"line":39,"column":31}},"18":{"start":{"line":40,"column":8},"end":{"line":40,"column":29}},"19":{"start":{"line":41,"column":8},"end":{"line":41,"column":29}},"20":{"start":{"line":42,"column":8},"end":{"line":42,"column":22}},"21":{"start":{"line":44,"column":6},"end":{"line":44,"column":19}},"22":{"start":{"line":48,"column":23},"end":{"line":58,"column":3}},"23":{"start":{"line":49,"column":4},"end":{"line":57,"column":7}},"24":{"start":{"line":50,"column":6},"end":{"line":56,"column":8}},"25":{"start":{"line":60,"column":28},"end":{"line":85,"column":3}},"26":{"start":{"line":61,"column":4},"end":{"line":61,"column":32}},"27":{"start":{"line":61,"column":25},"end":{"line":61,"column":32}},"28":{"start":{"line":63,"column":29},"end":{"line":63,"column":59}},"29":{"start":{"line":64,"column":4},"end":{"line":79,"column":5}},"30":{"start":{"line":65,"column":6},"end":{"line":65,"column":44}},"31":{"start":{"line":67,"column":6},"end":{"line":78,"column":7}},"32":{"start":{"line":68,"column":8},"end":{"line":77,"column":15}},"33":{"start":{"line":69,"column":10},"end":{"line":69,"column":27}},"34":{"start":{"line":70,"column":10},"end":{"line":70,"column":36}},"35":{"start":{"line":71,"column":10},"end":{"line":71,"column":28}},"36":{"start":{"line":72,"column":10},"end":{"line":72,"column":33}},"37":{"start":{"line":73,"column":10},"end":{"line":73,"column":31}},"38":{"start":{"line":74,"column":10},"end":{"line":74,"column":31}},"39":{"start":{"line":75,"column":10},"end":{"line":75,"column":24}},"40":{"start":{"line":76,"column":10},"end":{"line":76,"column":17}},"41":{"start":{"line":81,"column":31},"end":{"line":83,"column":6}},"42":{"start":{"line":82,"column":6},"end":{"line":82,"column":53}},"43":{"start":{"line":84,"column":4},"end":{"line":84,"column":43}},"44":{"start":{"line":87,"column":2},"end":{"line":108,"column":3}}},"fnMap":{"0":{"name":"(anonymous_0)","decl":{"start":{"line":6,"column":18},"end":{"line":6,"column":19}},"loc":{"start":{"line":17,"column":6},"end":{"line":109,"column":1}},"line":17},"1":{"name":"(anonymous_1)","decl":{"start":{"line":23,"column":12},"end":{"line":23,"column":13}},"loc":{"start":{"line":23,"column":18},"end":{"line":29,"column":3}},"line":23},"2":{"name":"(anonymous_2)","decl":{"start":{"line":31,"column":12},"end":{"line":31,"column":13}},"loc":{"start":{"line":31,"column":18},"end":{"line":46,"column":3}},"line":31},"3":{"name":"(anonymous_3)","decl":{"start":{"line":32,"column":60},"end":{"line":32,"column":61}},"loc":{"start":{"line":32,"column":70},"end":{"line":32,"column":76}},"line":32},"4":{"name":"(anonymous_4)","decl":{"start":{"line":37,"column":25},"end":{"line":37,"column":26}},"loc":{"start":{"line":37,"column":31},"end":{"line":43,"column":7}},"line":37},"5":{"name":"(anonymous_5)","decl":{"start":{"line":48,"column":23},"end":{"line":48,"column":24}},"loc":{"start":{"line":48,"column":29},"end":{"line":58,"column":3}},"line":48},"6":{"name":"(anonymous_6)","decl":{"start":{"line":49,"column":29},"end":{"line":49,"column":30}},"loc":{"start":{"line":49,"column":49},"end":{"line":57,"column":5}},"line":49},"7":{"name":"(anonymous_7)","decl":{"start":{"line":60,"column":28},"end":{"line":60,"column":29}},"loc":{"start":{"line":60,"column":40},"end":{"line":85,"column":3}},"line":60},"8":{"name":"(anonymous_8)","decl":{"start":{"line":68,"column":19},"end":{"line":68,"column":20}},"loc":{"start":{"line":68,"column":25},"end":{"line":77,"column":9}},"line":68},"9":{"name":"(anonymous_9)","decl":{"start":{"line":81,"column":49},"end":{"line":81,"column":50}},"loc":{"start":{"line":81,"column":64},"end":{"line":83,"column":5}},"line":81}},"branchMap":{"0":{"loc":{"start":{"line":24,"column":4},"end":{"line":28,"column":5}},"type":"if","locations":[{"start":{"line":24,"column":4},"end":{"line":28,"column":5}},{"start":{},"end":{}}],"line":24},"1":{"loc":{"start":{"line":24,"column":7},"end":{"line":24,"column":26}},"type":"binary-expr","locations":[{"start":{"line":24,"column":7},"end":{"line":24,"column":11}},{"start":{"line":24,"column":15},"end":{"line":24,"column":26}}],"line":24},"2":{"loc":{"start":{"line":32,"column":4},"end":{"line":45,"column":5}},"type":"if","locations":[{"start":{"line":32,"column":4},"end":{"line":45,"column":5}},{"start":{},"end":{}}],"line":32},"3":{"loc":{"start":{"line":32,"column":8},"end":{"line":32,"column":77}},"type":"binary-expr","locations":[{"start":{"line":32,"column":8},"end":{"line":32,"column":34}},{"start":{"line":32,"column":38},"end":{"line":32,"column":77}}],"line":32},"4":{"loc":{"start":{"line":53,"column":13},"end":{"line":53,"column":71}},"type":"cond-expr","locations":[{"start":{"line":53,"column":38},"end":{"line":53,"column":65}},{"start":{"line":53,"column":68},"end":{"line":53,"column":71}}],"line":53},"5":{"loc":{"start":{"line":61,"column":4},"end":{"line":61,"column":32}},"type":"if","locations":[{"start":{"line":61,"column":4},"end":{"line":61,"column":32}},{"start":{},"end":{}}],"line":61},"6":{"loc":{"start":{"line":64,"column":4},"end":{"line":79,"column":5}},"type":"if","locations":[{"start":{"line":64,"column":4},"end":{"line":79,"column":5}},{"start":{},"end":{}}],"line":64},"7":{"loc":{"start":{"line":67,"column":6},"end":{"line":78,"column":7}},"type":"if","locations":[{"start":{"line":67,"column":6},"end":{"line":78,"column":7}},{"start":{},"end":{}}],"line":67},"8":{"loc":{"start":{"line":82,"column":13},"end":{"line":82,"column":52}},"type":"binary-expr","locations":[{"start":{"line":82,"column":13},"end":{"line":82,"column":26}},{"start":{"line":82,"column":30},"end":{"line":82,"column":52}}],"line":82},"9":{"loc":{"start":{"line":92,"column":98},"end":{"line":92,"column":125}},"type":"binary-expr","locations":[{"start":{"line":92,"column":98},"end":{"line":92,"column":112}},{"start":{"line":92,"column":116},"end":{"line":92,"column":125}}],"line":92},"10":{"loc":{"start":{"line":93,"column":37},"end":{"line":93,"column":67}},"type":"binary-expr","locations":[{"start":{"line":93,"column":37},"end":{"line":93,"column":51}},{"start":{"line":93,"column":55},"end":{"line":93,"column":67}}],"line":93},"11":{"loc":{"start":{"line":96,"column":11},"end":{"line":96,"column":46}},"type":"binary-expr","locations":[{"start":{"line":96,"column":11},"end":{"line":96,"column":15}},{"start":{"line":96,"column":20},"end":{"line":96,"column":45}}],"line":96},"12":{"loc":{"start":{"line":98,"column":9},"end":{"line":100,"column":9}},"type":"binary-expr","locations":[{"start":{"line":98,"column":9},"end":{"line":98,"column":24}},{"start":{"line":98,"column":28},"end":{"line":98,"column":32}},{"start":{"line":99,"column":10},"end":{"line":99,"column":117}}],"line":98}},"s":{"0":1,"1":32,"2":32,"3":32,"4":32,"5":10,"6":9,"7":9,"8":9,"9":32,"10":27,"11":36,"12":1,"13":1,"14":1,"15":1,"16":1,"17":1,"18":1,"19":1,"20":1,"21":1,"22":32,"23":31,"24":168,"25":32,"26":8,"27":0,"28":8,"29":8,"30":3,"31":3,"32":2,"33":2,"34":2,"35":2,"36":2,"37":2,"38":2,"39":2,"40":2,"41":8,"42":64,"43":8,"44":32},"f":{"0":32,"1":10,"2":27,"3":36,"4":1,"5":31,"6":168,"7":8,"8":2,"9":64},"b":{"0":[9,1],"1":[10,9],"2":[1,26],"3":[27,17],"4":[27,141],"5":[0,8],"6":[3,5],"7":[2,1],"8":[64,56],"9":[32,1],"10":[32,1],"11":[32,31],"12":[32,30,29]},"_coverageSchema":"1a1c01bbd47fc00a2c39e90264f33305004495a9","hash":"229c1ceed50f30fc95ef425344b2b7aa7d2f9d19"}
,"/Users/anastasiya2310/Education/Hangman-game/src/components/gallows/Gallows.js": {"path":"/Users/anastasiya2310/Education/Hangman-game/src/components/gallows/Gallows.js","statementMap":{"0":{"start":{"line":5,"column":16},"end":{"line":24,"column":1}},"1":{"start":{"line":6,"column":24},"end":{"line":13,"column":3}},"2":{"start":{"line":14,"column":21},"end":{"line":14,"column":59}},"3":{"start":{"line":16,"column":2},"end":{"line":23,"column":3}}},"fnMap":{"0":{"name":"(anonymous_0)","decl":{"start":{"line":5,"column":16},"end":{"line":5,"column":17}},"loc":{"start":{"line":5,"column":40},"end":{"line":24,"column":1}},"line":5}},"branchMap":{},"s":{"0":2,"1":39,"2":39,"3":39},"f":{"0":39},"b":{},"_coverageSchema":"1a1c01bbd47fc00a2c39e90264f33305004495a9","hash":"e8cb06b8df3b1b9447a2b02efabe0a9f4dfc3020"}
,"/Users/anastasiya2310/Education/Hangman-game/src/components/keyboard/Keyboard.js": {"path":"/Users/anastasiya2310/Education/Hangman-game/src/components/keyboard/Keyboard.js","statementMap":{"0":{"start":{"line":4,"column":17},"end":{"line":84,"column":1}},"1":{"start":{"line":5,"column":42},"end":{"line":5,"column":54}},"2":{"start":{"line":7,"column":18},"end":{"line":34,"column":8}},"3":{"start":{"line":7,"column":33},"end":{"line":34,"column":3}},"4":{"start":{"line":36,"column":28},"end":{"line":39,"column":3}},"5":{"start":{"line":37,"column":4},"end":{"line":37,"column":28}},"6":{"start":{"line":38,"column":4},"end":{"line":38,"column":47}},"7":{"start":{"line":41,"column":24},"end":{"line":43,"column":3}},"8":{"start":{"line":42,"column":4},"end":{"line":42,"column":24}},"9":{"start":{"line":45,"column":2},"end":{"line":49,"column":25}},"10":{"start":{"line":46,"column":4},"end":{"line":48,"column":5}},"11":{"start":{"line":47,"column":6},"end":{"line":47,"column":22}},"12":{"start":{"line":51,"column":2},"end":{"line":67,"column":67}},"13":{"start":{"line":52,"column":26},"end":{"line":60,"column":5}},"14":{"start":{"line":53,"column":21},"end":{"line":53,"column":88}},"15":{"start":{"line":53,"column":58},"end":{"line":53,"column":87}},"16":{"start":{"line":54,"column":6},"end":{"line":59,"column":7}},"17":{"start":{"line":55,"column":8},"end":{"line":55,"column":32}},"18":{"start":{"line":56,"column":8},"end":{"line":56,"column":51}},"19":{"start":{"line":57,"column":13},"end":{"line":59,"column":7}},"20":{"start":{"line":58,"column":8},"end":{"line":58,"column":24}},"21":{"start":{"line":62,"column":4},"end":{"line":62,"column":54}},"22":{"start":{"line":64,"column":4},"end":{"line":66,"column":5}},"23":{"start":{"line":65,"column":6},"end":{"line":65,"column":59}},"24":{"start":{"line":69,"column":24},"end":{"line":75,"column":3}},"25":{"start":{"line":70,"column":18},"end":{"line":70,"column":20}},"26":{"start":{"line":71,"column":4},"end":{"line":73,"column":5}},"27":{"start":{"line":72,"column":6},"end":{"line":72,"column":263}},"28":{"start":{"line":72,"column":201},"end":{"line":72,"column":224}},"29":{"start":{"line":74,"column":4},"end":{"line":74,"column":19}},"30":{"start":{"line":77,"column":2},"end":{"line":83,"column":3}}},"fnMap":{"0":{"name":"(anonymous_0)","decl":{"start":{"line":4,"column":17},"end":{"line":4,"column":18}},"loc":{"start":{"line":4,"column":60},"end":{"line":84,"column":1}},"line":4},"1":{"name":"(anonymous_1)","decl":{"start":{"line":7,"column":26},"end":{"line":7,"column":27}},"loc":{"start":{"line":7,"column":33},"end":{"line":34,"column":3}},"line":7},"2":{"name":"(anonymous_2)","decl":{"start":{"line":36,"column":28},"end":{"line":36,"column":29}},"loc":{"start":{"line":36,"column":40},"end":{"line":39,"column":3}},"line":36},"3":{"name":"(anonymous_3)","decl":{"start":{"line":41,"column":24},"end":{"line":41,"column":25}},"loc":{"start":{"line":41,"column":30},"end":{"line":43,"column":3}},"line":41},"4":{"name":"(anonymous_4)","decl":{"start":{"line":45,"column":12},"end":{"line":45,"column":13}},"loc":{"start":{"line":45,"column":18},"end":{"line":49,"column":3}},"line":45},"5":{"name":"(anonymous_5)","decl":{"start":{"line":51,"column":12},"end":{"line":51,"column":13}},"loc":{"start":{"line":51,"column":18},"end":{"line":67,"column":3}},"line":51},"6":{"name":"(anonymous_6)","decl":{"start":{"line":52,"column":26},"end":{"line":52,"column":27}},"loc":{"start":{"line":52,"column":37},"end":{"line":60,"column":5}},"line":52},"7":{"name":"(anonymous_7)","decl":{"start":{"line":53,"column":49},"end":{"line":53,"column":50}},"loc":{"start":{"line":53,"column":58},"end":{"line":53,"column":87}},"line":53},"8":{"name":"(anonymous_8)","decl":{"start":{"line":64,"column":11},"end":{"line":64,"column":12}},"loc":{"start":{"line":64,"column":17},"end":{"line":66,"column":5}},"line":64},"9":{"name":"(anonymous_9)","decl":{"start":{"line":69,"column":24},"end":{"line":69,"column":25}},"loc":{"start":{"line":69,"column":38},"end":{"line":75,"column":3}},"line":69},"10":{"name":"(anonymous_10)","decl":{"start":{"line":72,"column":195},"end":{"line":72,"column":196}},"loc":{"start":{"line":72,"column":201},"end":{"line":72,"column":224}},"line":72}},"branchMap":{"0":{"loc":{"start":{"line":46,"column":4},"end":{"line":48,"column":5}},"type":"if","locations":[{"start":{"line":46,"column":4},"end":{"line":48,"column":5}},{"start":{},"end":{}}],"line":46},"1":{"loc":{"start":{"line":46,"column":7},"end":{"line":46,"column":25}},"type":"binary-expr","locations":[{"start":{"line":46,"column":7},"end":{"line":46,"column":15}},{"start":{"line":46,"column":19},"end":{"line":46,"column":25}}],"line":46},"2":{"loc":{"start":{"line":54,"column":6},"end":{"line":59,"column":7}},"type":"if","locations":[{"start":{"line":54,"column":6},"end":{"line":59,"column":7}},{"start":{"line":57,"column":13},"end":{"line":59,"column":7}}],"line":54},"3":{"loc":{"start":{"line":54,"column":9},"end":{"line":54,"column":73}},"type":"binary-expr","locations":[{"start":{"line":54,"column":9},"end":{"line":54,"column":15}},{"start":{"line":54,"column":19},"end":{"line":54,"column":49}},{"start":{"line":54,"column":53},"end":{"line":54,"column":60}},{"start":{"line":54,"column":64},"end":{"line":54,"column":73}}],"line":54},"4":{"loc":{"start":{"line":57,"column":13},"end":{"line":59,"column":7}},"type":"if","locations":[{"start":{"line":57,"column":13},"end":{"line":59,"column":7}},{"start":{},"end":{}}],"line":57},"5":{"loc":{"start":{"line":57,"column":16},"end":{"line":57,"column":34}},"type":"binary-expr","locations":[{"start":{"line":57,"column":16},"end":{"line":57,"column":22}},{"start":{"line":57,"column":26},"end":{"line":57,"column":34}}],"line":57},"6":{"loc":{"start":{"line":72,"column":37},"end":{"line":72,"column":84}},"type":"cond-expr","locations":[{"start":{"line":72,"column":67},"end":{"line":72,"column":77}},{"start":{"line":72,"column":80},"end":{"line":72,"column":84}}],"line":72},"7":{"loc":{"start":{"line":72,"column":97},"end":{"line":72,"column":173}},"type":"cond-expr","locations":[{"start":{"line":72,"column":127},"end":{"line":72,"column":153}},{"start":{"line":72,"column":156},"end":{"line":72,"column":173}}],"line":72}},"s":{"0":2,"1":40,"2":40,"3":16,"4":40,"5":10,"6":10,"7":40,"8":0,"9":40,"10":16,"11":0,"12":40,"13":40,"14":1,"15":1,"16":1,"17":1,"18":1,"19":0,"20":0,"21":40,"22":40,"23":40,"24":40,"25":40,"26":40,"27":1040,"28":10,"29":40,"30":40},"f":{"0":40,"1":16,"2":10,"3":0,"4":16,"5":40,"6":1,"7":1,"8":40,"9":40,"10":10},"b":{"0":[0,16],"1":[16,16],"2":[1,0],"3":[1,1,1,1],"4":[0,0],"5":[0,0],"6":[26,1014],"7":[26,1014]},"_coverageSchema":"1a1c01bbd47fc00a2c39e90264f33305004495a9","hash":"dc13348e8435142f4741d299cad07ce1d5fc2ccb"}
,"/Users/anastasiya2310/Education/Hangman-game/src/components/modal/Modal.js": {"path":"/Users/anastasiya2310/Education/Hangman-game/src/components/modal/Modal.js","statementMap":{"0":{"start":{"line":7,"column":14},"end":{"line":42,"column":1}},"1":{"start":{"line":16,"column":26},"end":{"line":18,"column":3}},"2":{"start":{"line":17,"column":4},"end":{"line":17,"column":16}},"3":{"start":{"line":20,"column":21},"end":{"line":27,"column":10}},"4":{"start":{"line":29,"column":2},"end":{"line":41,"column":3}}},"fnMap":{"0":{"name":"(anonymous_0)","decl":{"start":{"line":7,"column":14},"end":{"line":7,"column":15}},"loc":{"start":{"line":15,"column":15},"end":{"line":42,"column":1}},"line":15},"1":{"name":"(anonymous_1)","decl":{"start":{"line":16,"column":26},"end":{"line":16,"column":27}},"loc":{"start":{"line":16,"column":32},"end":{"line":18,"column":3}},"line":16}},"branchMap":{"0":{"loc":{"start":{"line":20,"column":21},"end":{"line":27,"column":10}},"type":"cond-expr","locations":[{"start":{"line":21,"column":4},"end":{"line":21,"column":51}},{"start":{"line":22,"column":6},"end":{"line":27,"column":10}}],"line":20},"1":{"loc":{"start":{"line":22,"column":6},"end":{"line":27,"column":10}},"type":"cond-expr","locations":[{"start":{"line":23,"column":4},"end":{"line":26,"column":7}},{"start":{"line":27,"column":6},"end":{"line":27,"column":10}}],"line":22},"2":{"loc":{"start":{"line":33,"column":33},"end":{"line":33,"column":60}},"type":"cond-expr","locations":[{"start":{"line":33,"column":40},"end":{"line":33,"column":49}},{"start":{"line":33,"column":52},"end":{"line":33,"column":60}}],"line":33},"3":{"loc":{"start":{"line":33,"column":64},"end":{"line":33,"column":103}},"type":"cond-expr","locations":[{"start":{"line":33,"column":75},"end":{"line":33,"column":85}},{"start":{"line":33,"column":88},"end":{"line":33,"column":103}}],"line":33}},"s":{"0":1,"1":4,"2":0,"3":4,"4":4},"f":{"0":4,"1":0},"b":{"0":[1,3],"1":[1,2],"2":[3,1],"3":[1,3]},"_coverageSchema":"1a1c01bbd47fc00a2c39e90264f33305004495a9","hash":"a783f309c458efba51a7ede75913eab267341d4e"}
,"/Users/anastasiya2310/Education/Hangman-game/src/components/select/Select.js": {"path":"/Users/anastasiya2310/Education/Hangman-game/src/components/select/Select.js","statementMap":{"0":{"start":{"line":4,"column":15},"end":{"line":56,"column":1}},"1":{"start":{"line":5,"column":26},"end":{"line":13,"column":12}},"2":{"start":{"line":6,"column":4},"end":{"line":6,"column":46}},"3":{"start":{"line":6,"column":35},"end":{"line":6,"column":46}},"4":{"start":{"line":8,"column":30},"end":{"line":10,"column":5}},"5":{"start":{"line":9,"column":16},"end":{"line":9,"column":50}},"6":{"start":{"line":11,"column":24},"end":{"line":11,"column":76}},"7":{"start":{"line":12,"column":4},"end":{"line":12,"column":42}},"8":{"start":{"line":15,"column":2},"end":{"line":21,"column":88}},"9":{"start":{"line":16,"column":4},"end":{"line":20,"column":5}},"10":{"start":{"line":17,"column":6},"end":{"line":17,"column":44}},"11":{"start":{"line":18,"column":29},"end":{"line":18,"column":64}},"12":{"start":{"line":19,"column":6},"end":{"line":19,"column":39}},"13":{"start":{"line":23,"column":23},"end":{"line":38,"column":3}},"14":{"start":{"line":24,"column":18},"end":{"line":24,"column":20}},"15":{"start":{"line":25,"column":27},"end":{"line":25,"column":36}},"16":{"start":{"line":27,"column":4},"end":{"line":36,"column":6}},"17":{"start":{"line":28,"column":6},"end":{"line":35,"column":7}},"18":{"start":{"line":29,"column":8},"end":{"line":33,"column":9}},"19":{"start":{"line":34,"column":8},"end":{"line":34,"column":44}},"20":{"start":{"line":37,"column":4},"end":{"line":37,"column":19}},"21":{"start":{"line":40,"column":31},"end":{"line":45,"column":3}},"22":{"start":{"line":41,"column":29},"end":{"line":41,"column":43}},"23":{"start":{"line":42,"column":4},"end":{"line":42,"column":42}},"24":{"start":{"line":43,"column":27},"end":{"line":43,"column":62}},"25":{"start":{"line":44,"column":4},"end":{"line":44,"column":37}},"26":{"start":{"line":47,"column":2},"end":{"line":55,"column":3}}},"fnMap":{"0":{"name":"(anonymous_0)","decl":{"start":{"line":4,"column":15},"end":{"line":4,"column":16}},"loc":{"start":{"line":4,"column":86},"end":{"line":56,"column":1}},"line":4},"1":{"name":"(anonymous_1)","decl":{"start":{"line":5,"column":38},"end":{"line":5,"column":39}},"loc":{"start":{"line":5,"column":60},"end":{"line":13,"column":3}},"line":5},"2":{"name":"(anonymous_2)","decl":{"start":{"line":9,"column":6},"end":{"line":9,"column":7}},"loc":{"start":{"line":9,"column":16},"end":{"line":9,"column":50}},"line":9},"3":{"name":"(anonymous_3)","decl":{"start":{"line":15,"column":12},"end":{"line":15,"column":13}},"loc":{"start":{"line":15,"column":18},"end":{"line":21,"column":3}},"line":15},"4":{"name":"(anonymous_4)","decl":{"start":{"line":23,"column":23},"end":{"line":23,"column":24}},"loc":{"start":{"line":23,"column":29},"end":{"line":38,"column":3}},"line":23},"5":{"name":"(anonymous_5)","decl":{"start":{"line":27,"column":17},"end":{"line":27,"column":18}},"loc":{"start":{"line":27,"column":27},"end":{"line":36,"column":5}},"line":27},"6":{"name":"(anonymous_6)","decl":{"start":{"line":40,"column":31},"end":{"line":40,"column":32}},"loc":{"start":{"line":40,"column":38},"end":{"line":45,"column":3}},"line":40}},"branchMap":{"0":{"loc":{"start":{"line":6,"column":4},"end":{"line":6,"column":46}},"type":"if","locations":[{"start":{"line":6,"column":4},"end":{"line":6,"column":46}},{"start":{},"end":{}}],"line":6},"1":{"loc":{"start":{"line":6,"column":7},"end":{"line":6,"column":33}},"type":"binary-expr","locations":[{"start":{"line":6,"column":7},"end":{"line":6,"column":12}},{"start":{"line":6,"column":16},"end":{"line":6,"column":33}}],"line":6},"2":{"loc":{"start":{"line":16,"column":4},"end":{"line":20,"column":5}},"type":"if","locations":[{"start":{"line":16,"column":4},"end":{"line":20,"column":5}},{"start":{},"end":{}}],"line":16},"3":{"loc":{"start":{"line":16,"column":7},"end":{"line":16,"column":43}},"type":"binary-expr","locations":[{"start":{"line":16,"column":7},"end":{"line":16,"column":22}},{"start":{"line":16,"column":26},"end":{"line":16,"column":43}}],"line":16},"4":{"loc":{"start":{"line":28,"column":6},"end":{"line":35,"column":7}},"type":"if","locations":[{"start":{"line":28,"column":6},"end":{"line":35,"column":7}},{"start":{},"end":{}}],"line":28},"5":{"loc":{"start":{"line":49,"column":7},"end":{"line":53,"column":7}},"type":"binary-expr","locations":[{"start":{"line":49,"column":7},"end":{"line":49,"column":11}},{"start":{"line":50,"column":8},"end":{"line":52,"column":17}}],"line":49}},"s":{"0":2,"1":9,"2":4,"3":0,"4":4,"5":8,"6":4,"7":4,"8":9,"9":9,"10":3,"11":3,"12":3,"13":9,"14":9,"15":9,"16":9,"17":18,"18":18,"19":18,"20":9,"21":9,"22":1,"23":1,"24":1,"25":1,"26":9},"f":{"0":9,"1":4,"2":8,"3":9,"4":9,"5":18,"6":1},"b":{"0":[0,4],"1":[4,4],"2":[3,6],"3":[9,9],"4":[18,0],"5":[9,9]},"_coverageSchema":"1a1c01bbd47fc00a2c39e90264f33305004495a9","hash":"f7266da23649e50658e0d5419bfabfe6a619fa00"}
}
