TN:
SF:src/components/dashboard/Dashboard.js
FN:6,(anonymous_0)
FN:23,(anonymous_1)
FN:31,(anonymous_2)
FN:32,(anonymous_3)
FN:37,(anonymous_4)
FN:48,(anonymous_5)
FN:49,(anonymous_6)
FN:60,(anonymous_7)
FN:68,(anonymous_8)
FN:81,(anonymous_9)
FNF:10
FNH:10
FNDA:32,(anonymous_0)
FNDA:10,(anonymous_1)
FNDA:27,(anonymous_2)
FNDA:36,(anonymous_3)
FNDA:1,(anonymous_4)
FNDA:31,(anonymous_5)
FNDA:168,(anonymous_6)
FNDA:8,(anonymous_7)
FNDA:2,(anonymous_8)
FNDA:64,(anonymous_9)
DA:6,1
DA:18,32
DA:19,32
DA:21,32
DA:23,32
DA:24,10
DA:25,9
DA:26,9
DA:27,9
DA:31,32
DA:32,36
DA:33,1
DA:34,1
DA:35,1
DA:37,1
DA:38,1
DA:39,1
DA:40,1
DA:41,1
DA:42,1
DA:44,1
DA:48,32
DA:49,31
DA:50,168
DA:60,32
DA:61,8
DA:63,8
DA:64,8
DA:65,3
DA:67,3
DA:68,2
DA:69,2
DA:70,2
DA:71,2
DA:72,2
DA:73,2
DA:74,2
DA:75,2
DA:76,2
DA:81,8
DA:82,64
DA:84,8
DA:87,32
LF:43
LH:43
BRDA:24,0,0,9
BRDA:24,0,1,1
BRDA:24,1,0,10
BRDA:24,1,1,9
BRDA:32,2,0,1
BRDA:32,2,1,26
BRDA:32,3,0,27
BRDA:32,3,1,17
BRDA:53,4,0,27
BRDA:53,4,1,141
BRDA:61,5,0,0
BRDA:61,5,1,8
BRDA:64,6,0,3
BRDA:64,6,1,5
BRDA:67,7,0,2
BRDA:67,7,1,1
BRDA:82,8,0,64
BRDA:82,8,1,56
BRDA:92,9,0,32
BRDA:92,9,1,1
BRDA:93,10,0,32
BRDA:93,10,1,1
BRDA:96,11,0,32
BRDA:96,11,1,31
BRDA:98,12,0,32
BRDA:98,12,1,30
BRDA:98,12,2,29
BRF:27
BRH:26
end_of_record
TN:
SF:src/components/gallows/Gallows.js
FN:5,(anonymous_0)
FNF:1
FNH:1
FNDA:39,(anonymous_0)
DA:5,2
DA:6,39
DA:14,39
DA:16,39
LF:4
LH:4
BRF:0
BRH:0
end_of_record
TN:
SF:src/components/keyboard/Keyboard.js
FN:4,(anonymous_0)
FN:7,(anonymous_1)
FN:36,(anonymous_2)
FN:41,(anonymous_3)
FN:45,(anonymous_4)
FN:51,(anonymous_5)
FN:52,(anonymous_6)
FN:53,(anonymous_7)
FN:64,(anonymous_8)
FN:69,(anonymous_9)
FN:72,(anonymous_10)
FNF:11
FNH:10
FNDA:40,(anonymous_0)
FNDA:16,(anonymous_1)
FNDA:10,(anonymous_2)
FNDA:0,(anonymous_3)
FNDA:16,(anonymous_4)
FNDA:40,(anonymous_5)
FNDA:1,(anonymous_6)
FNDA:1,(anonymous_7)
FNDA:40,(anonymous_8)
FNDA:40,(anonymous_9)
FNDA:10,(anonymous_10)
DA:4,2
DA:5,40
DA:7,40
DA:36,40
DA:37,10
DA:38,10
DA:41,40
DA:42,0
DA:45,40
DA:46,16
DA:47,0
DA:51,40
DA:52,40
DA:53,1
DA:54,1
DA:55,1
DA:56,1
DA:57,0
DA:58,0
DA:62,40
DA:64,40
DA:65,40
DA:69,40
DA:70,40
DA:71,40
DA:72,1040
DA:74,40
DA:77,40
LF:28
LH:24
BRDA:46,0,0,0
BRDA:46,0,1,16
BRDA:46,1,0,16
BRDA:46,1,1,16
BRDA:54,2,0,1
BRDA:54,2,1,0
BRDA:54,3,0,1
BRDA:54,3,1,1
BRDA:54,3,2,1
BRDA:54,3,3,1
BRDA:57,4,0,0
BRDA:57,4,1,0
BRDA:57,5,0,0
BRDA:57,5,1,0
BRDA:72,6,0,26
BRDA:72,6,1,1014
BRDA:72,7,0,26
BRDA:72,7,1,1014
BRF:18
BRH:12
end_of_record
TN:
SF:src/components/modal/Modal.js
FN:7,(anonymous_0)
FN:16,(anonymous_1)
FNF:2
FNH:1
FNDA:4,(anonymous_0)
FNDA:0,(anonymous_1)
DA:7,1
DA:16,4
DA:17,0
DA:20,4
DA:29,4
LF:5
LH:4
BRDA:20,0,0,1
BRDA:20,0,1,3
BRDA:22,1,0,1
BRDA:22,1,1,2
BRDA:33,2,0,3
BRDA:33,2,1,1
BRDA:33,3,0,1
BRDA:33,3,1,3
BRF:8
BRH:8
end_of_record
TN:
SF:src/components/select/Select.js
FN:4,(anonymous_0)
FN:5,(anonymous_1)
FN:9,(anonymous_2)
FN:15,(anonymous_3)
FN:23,(anonymous_4)
FN:27,(anonymous_5)
FN:40,(anonymous_6)
FNF:7
FNH:7
FNDA:9,(anonymous_0)
FNDA:4,(anonymous_1)
FNDA:8,(anonymous_2)
FNDA:9,(anonymous_3)
FNDA:9,(anonymous_4)
FNDA:18,(anonymous_5)
FNDA:1,(anonymous_6)
DA:4,2
DA:5,9
DA:6,4
DA:8,4
DA:9,8
DA:11,4
DA:12,4
DA:15,9
DA:16,9
DA:17,3
DA:18,3
DA:19,3
DA:23,9
DA:24,9
DA:25,9
DA:27,9
DA:28,18
DA:29,18
DA:34,18
DA:37,9
DA:40,9
DA:41,1
DA:42,1
DA:43,1
DA:44,1
DA:47,9
LF:26
LH:26
BRDA:6,0,0,0
BRDA:6,0,1,4
BRDA:6,1,0,4
BRDA:6,1,1,4
BRDA:16,2,0,3
BRDA:16,2,1,6
BRDA:16,3,0,9
BRDA:16,3,1,9
BRDA:28,4,0,18
BRDA:28,4,1,0
BRDA:49,5,0,9
BRDA:49,5,1,9
BRF:12
BRH:10
end_of_record
